<?xml version="1.0" encoding="UTF-8"?>
<!-- Generated by org.testng.reporters.JUnitReportReporter -->
<testsuite skipped="0" hostname="DESKTOP-824D4OH" name="test.Login" tests="2" failures="0" timestamp="2021-10-19T21:04:28 EDT" time="31.685" errors="0">
  <testcase name="negativeLogin" time="18.326" classname="test.Login"/>
  <system-out/>
  <testcase name="positiveLogin" time="13.359" classname="test.Login"/>
  <system-out/>
</testsuite> <!-- test.Login -->
